01/11/2024 13:28:04 | ==================== Epoch: 0000 Lr: 1e-05 [00:00<?, ?it/s] ==================== |
01/11/2024 13:29:57 | Loss: 1.0317 | Accuracy:  56.49%                        [01:52<14:52,  1.41it/s] |
01/11/2024 13:31:40 | Loss: 0.97784 | Accuracy:  62.25%                       [03:35<15:23,  1.21it/s] |
01/11/2024 13:33:26 | Loss: 0.95809 | Accuracy:  63.97%                       [05:21<11:35,  1.40it/s] |
01/11/2024 13:35:07 | Loss: 0.94509 | Accuracy:  65.11%                       [07:03<09:54,  1.41it/s] |
01/11/2024 13:36:46 | Loss: 0.93882 | Accuracy:  65.59%                       [08:42<08:12,  1.41it/s] |
01/11/2024 13:38:27 | Loss: 0.9351 | Accuracy:  65.84%                        [10:23<06:33,  1.41it/s] |
01/11/2024 13:40:50 | Loss: 0.9299 | Accuracy:  66.30%                        [12:46<09:48,  1.41s/it] |
01/11/2024 13:42:47 | Loss: 0.92796 | Accuracy:  66.42%                       [14:43<03:21,  1.37it/s] |
01/11/2024 13:44:35 | Loss: 0.92591 | Accuracy:  66.57%                       [16:31<01:42,  1.33it/s] |
01/11/2024 13:46:17 | Epoch 0 Train loss: 0.92432 Accuracy: 66.69%                                     |
01/11/2024 13:47:37 | Epoch 0  Test loss: 0.88765 Accuracy: 70.22%                                     |
01/11/2024 13:47:37 | Progressive Epoch!                                                               |
01/11/2024 13:47:37 | ******************************************************************************** |
01/11/2024 13:47:37 | **************************** Best Epoch! Model Saved *************************** |
01/11/2024 13:47:37 | ******************************************************************************** |
01/11/2024 13:47:37 | ================================================================================ |
01/11/2024 13:47:37 | ============== Epoch: 0001 Lr: 1e-05 [19:33<15:58:10, 1173.27s/it] ============= |
01/11/2024 13:49:19 | Loss: 0.91336 | Accuracy:  67.30%                       [01:41<14:54,  1.40it/s] |
01/11/2024 13:51:08 | Loss: 0.91052 | Accuracy:  67.62%                       [03:30<13:29,  1.38it/s] |
01/11/2024 13:52:50 | Loss: 0.91067 | Accuracy:  67.59%                       [05:12<11:41,  1.39it/s] |
01/11/2024 13:54:45 | Loss: 0.90826 | Accuracy:  67.86%                       [07:07<10:30,  1.33it/s] |
